0 info it worked if it ends with ok
1 verbose cli [ 'node',
1 verbose cli   '/usr/local/bin/npm',
1 verbose cli   'install',
1 verbose cli   '-g',
1 verbose cli   'grunt-cli',
1 verbose cli   'bower',
1 verbose cli   'yo',
1 verbose cli   'generator-karma',
1 verbose cli   'generator-angular' ]
2 info using npm@2.0.2
3 info using node@v0.10.32
4 verbose cache add [ 'grunt-cli', null ]
5 verbose cache add spec="grunt-cli" args=["grunt-cli",null]
6 verbose parsed spec { raw: 'grunt-cli',
6 verbose parsed spec   scope: null,
6 verbose parsed spec   name: 'grunt-cli',
6 verbose parsed spec   rawSpec: '',
6 verbose parsed spec   spec: '*',
6 verbose parsed spec   type: 'range' }
7 verbose cache add [ 'bower', null ]
8 verbose cache add spec="bower" args=["bower",null]
9 verbose parsed spec { raw: 'bower',
9 verbose parsed spec   scope: null,
9 verbose parsed spec   name: 'bower',
9 verbose parsed spec   rawSpec: '',
9 verbose parsed spec   spec: '*',
9 verbose parsed spec   type: 'range' }
10 verbose cache add [ 'yo', null ]
11 verbose cache add spec="yo" args=["yo",null]
12 verbose parsed spec { raw: 'yo',
12 verbose parsed spec   scope: null,
12 verbose parsed spec   name: 'yo',
12 verbose parsed spec   rawSpec: '',
12 verbose parsed spec   spec: '*',
12 verbose parsed spec   type: 'range' }
13 verbose cache add [ 'generator-karma', null ]
14 verbose cache add spec="generator-karma" args=["generator-karma",null]
15 verbose parsed spec { raw: 'generator-karma',
15 verbose parsed spec   scope: null,
15 verbose parsed spec   name: 'generator-karma',
15 verbose parsed spec   rawSpec: '',
15 verbose parsed spec   spec: '*',
15 verbose parsed spec   type: 'range' }
16 verbose cache add [ 'generator-angular', null ]
17 verbose cache add spec="generator-angular" args=["generator-angular",null]
18 verbose parsed spec { raw: 'generator-angular',
18 verbose parsed spec   scope: null,
18 verbose parsed spec   name: 'generator-angular',
18 verbose parsed spec   rawSpec: '',
18 verbose parsed spec   spec: '*',
18 verbose parsed spec   type: 'range' }
19 verbose parsed spec { raw: 'grunt-cli',
19 verbose parsed spec   scope: null,
19 verbose parsed spec   name: 'grunt-cli',
19 verbose parsed spec   rawSpec: '',
19 verbose parsed spec   spec: '*',
19 verbose parsed spec   type: 'range' }
20 verbose addNamed [ 'grunt-cli', '*' ]
21 verbose addNamed [ null, '*' ]
22 verbose parsed spec { raw: 'bower',
22 verbose parsed spec   scope: null,
22 verbose parsed spec   name: 'bower',
22 verbose parsed spec   rawSpec: '',
22 verbose parsed spec   spec: '*',
22 verbose parsed spec   type: 'range' }
23 verbose addNamed [ 'bower', '*' ]
24 verbose addNamed [ null, '*' ]
25 verbose parsed spec { raw: 'yo',
25 verbose parsed spec   scope: null,
25 verbose parsed spec   name: 'yo',
25 verbose parsed spec   rawSpec: '',
25 verbose parsed spec   spec: '*',
25 verbose parsed spec   type: 'range' }
26 verbose addNamed [ 'yo', '*' ]
27 verbose addNamed [ null, '*' ]
28 verbose parsed spec { raw: 'generator-karma',
28 verbose parsed spec   scope: null,
28 verbose parsed spec   name: 'generator-karma',
28 verbose parsed spec   rawSpec: '',
28 verbose parsed spec   spec: '*',
28 verbose parsed spec   type: 'range' }
29 verbose addNamed [ 'generator-karma', '*' ]
30 verbose addNamed [ null, '*' ]
31 verbose parsed spec { raw: 'generator-angular',
31 verbose parsed spec   scope: null,
31 verbose parsed spec   name: 'generator-angular',
31 verbose parsed spec   rawSpec: '',
31 verbose parsed spec   spec: '*',
31 verbose parsed spec   type: 'range' }
32 verbose addNamed [ 'generator-angular', '*' ]
33 verbose addNamed [ null, '*' ]
34 silly lockFile 2c34ebba-grunt-cli grunt-cli@*
35 verbose lock grunt-cli@* /Users/alex/.npm/2c34ebba-grunt-cli.lock
36 silly lockFile b788227f-bower bower@*
37 verbose lock bower@* /Users/alex/.npm/b788227f-bower.lock
38 silly lockFile ec8b77ae-yo yo@*
39 verbose lock yo@* /Users/alex/.npm/ec8b77ae-yo.lock
40 silly lockFile cc83c75c-generator-karma generator-karma@*
41 verbose lock generator-karma@* /Users/alex/.npm/cc83c75c-generator-karma.lock
42 silly lockFile dfab20f3-generator-angular generator-angular@*
43 verbose lock generator-angular@* /Users/alex/.npm/dfab20f3-generator-angular.lock
44 silly addNameRange { name: 'grunt-cli', range: '*', hasData: false }
45 verbose mapToRegistry name grunt-cli
46 verbose mapToRegistry uri https://registry.npmjs.org/grunt-cli
47 silly addNameRange { name: 'bower', range: '*', hasData: false }
48 verbose mapToRegistry name bower
49 verbose mapToRegistry uri https://registry.npmjs.org/bower
50 silly addNameRange { name: 'yo', range: '*', hasData: false }
51 verbose mapToRegistry name yo
52 verbose mapToRegistry uri https://registry.npmjs.org/yo
53 silly addNameRange { name: 'generator-karma', range: '*', hasData: false }
54 verbose mapToRegistry name generator-karma
55 verbose mapToRegistry uri https://registry.npmjs.org/generator-karma
56 silly addNameRange { name: 'generator-angular', range: '*', hasData: false }
57 verbose mapToRegistry name generator-angular
58 verbose mapToRegistry uri https://registry.npmjs.org/generator-angular
59 verbose request on initialization, where is /generator-karma
60 verbose request after pass 1, where is /generator-karma
61 verbose request url raw /generator-karma
62 verbose request resolving registry [ 'https://registry.npmjs.org/', './generator-karma' ]
63 verbose request after pass 2, where is https://registry.npmjs.org/generator-karma
64 verbose request no auth needed
65 info attempt registry request try #1 at 17:37:04
66 verbose request id ca4321fb97f27f9c
67 http request GET https://registry.npmjs.org/generator-karma
68 verbose request on initialization, where is /generator-angular
69 verbose request after pass 1, where is /generator-angular
70 verbose request url raw /generator-angular
71 verbose request resolving registry [ 'https://registry.npmjs.org/', './generator-angular' ]
72 verbose request after pass 2, where is https://registry.npmjs.org/generator-angular
73 verbose request no auth needed
74 info attempt registry request try #1 at 17:37:04
75 http request GET https://registry.npmjs.org/generator-angular
76 verbose request on initialization, where is /grunt-cli
77 verbose request after pass 1, where is /grunt-cli
78 verbose request url raw /grunt-cli
79 verbose request resolving registry [ 'https://registry.npmjs.org/', './grunt-cli' ]
80 verbose request after pass 2, where is https://registry.npmjs.org/grunt-cli
81 verbose request no auth needed
82 info attempt registry request try #1 at 17:37:04
83 verbose etag "E3BI2QO4XDSKVDFE2LP5GI0E"
84 http request GET https://registry.npmjs.org/grunt-cli
85 verbose request on initialization, where is /yo
86 verbose request after pass 1, where is /yo
87 verbose request url raw /yo
88 verbose request resolving registry [ 'https://registry.npmjs.org/', './yo' ]
89 verbose request after pass 2, where is https://registry.npmjs.org/yo
90 verbose request no auth needed
91 info attempt registry request try #1 at 17:37:04
92 verbose etag "H7GNTBWEW5NLRG8N5G7KBKQU"
93 http request GET https://registry.npmjs.org/yo
94 verbose request on initialization, where is /bower
95 verbose request after pass 1, where is /bower
96 verbose request url raw /bower
97 verbose request resolving registry [ 'https://registry.npmjs.org/', './bower' ]
98 verbose request after pass 2, where is https://registry.npmjs.org/bower
99 verbose request no auth needed
100 info attempt registry request try #1 at 17:37:04
101 verbose etag "CR02IVJNV1NLAEE0P1GJ7Y1E9"
102 http request GET https://registry.npmjs.org/bower
103 http 200 https://registry.npmjs.org/generator-karma
104 silly registry.get cb [ 200,
104 silly registry.get   { server: 'CouchDB/1.5.0 (Erlang OTP/R16B03)',
104 silly registry.get     etag: '"5T2LJZOIN088ZVB6DZUQKZ23I"',
104 silly registry.get     'content-type': 'application/json',
104 silly registry.get     'cache-control': 'max-age=60',
104 silly registry.get     'content-length': '24005',
104 silly registry.get     'accept-ranges': 'bytes',
104 silly registry.get     date: 'Thu, 06 Aug 2015 21:37:04 GMT',
104 silly registry.get     via: '1.1 varnish',
104 silly registry.get     age: '0',
104 silly registry.get     connection: 'keep-alive',
104 silly registry.get     'x-served-by': 'cache-iad2128-IAD',
104 silly registry.get     'x-cache': 'HIT',
104 silly registry.get     'x-cache-hits': '1',
104 silly registry.get     'x-timer': 'S1438897024.855887,VS0,VE17',
104 silly registry.get     vary: 'Accept' } ]
105 http 200 https://registry.npmjs.org/yo
106 silly registry.get cb [ 200,
106 silly registry.get   { server: 'CouchDB/1.5.0 (Erlang OTP/R16B03)',
106 silly registry.get     etag: '"AKALWT524KPMX7G6TPNODG9TQ"',
106 silly registry.get     'content-type': 'application/json',
106 silly registry.get     'cache-control': 'max-age=60',
106 silly registry.get     'content-length': '33876',
106 silly registry.get     'accept-ranges': 'bytes',
106 silly registry.get     date: 'Thu, 06 Aug 2015 21:37:04 GMT',
106 silly registry.get     via: '1.1 varnish',
106 silly registry.get     age: '0',
106 silly registry.get     connection: 'keep-alive',
106 silly registry.get     'x-served-by': 'cache-iad2141-IAD',
106 silly registry.get     'x-cache': 'HIT',
106 silly registry.get     'x-cache-hits': '1',
106 silly registry.get     'x-timer': 'S1438897024.858176,VS0,VE14',
106 silly registry.get     vary: 'Accept' } ]
107 silly addNameRange number 2 { name: 'yo', range: '*', hasData: true }
108 silly addNameRange versions [ 'yo',
108 silly addNameRange   [ '1.1.0',
108 silly addNameRange     '1.1.1',
108 silly addNameRange     '1.1.2',
108 silly addNameRange     '1.2.0',
108 silly addNameRange     '1.2.1',
108 silly addNameRange     '1.3.0',
108 silly addNameRange     '1.3.2',
108 silly addNameRange     '1.3.3',
108 silly addNameRange     '1.4.6',
108 silly addNameRange     '1.4.7' ] ]
109 verbose addNamed [ 'yo', '1.4.7' ]
110 verbose addNamed [ '1.4.7', '1.4.7' ]
111 silly lockFile 22bae6b4-yo-1-4-7 yo@1.4.7
112 verbose lock yo@1.4.7 /Users/alex/.npm/22bae6b4-yo-1-4-7.lock
113 silly addNameRange number 2 { name: 'generator-karma', range: '*', hasData: true }
114 silly addNameRange versions [ 'generator-karma',
114 silly addNameRange   [ '0.1.1',
114 silly addNameRange     '0.2.0',
114 silly addNameRange     '0.3.0',
114 silly addNameRange     '0.3.1',
114 silly addNameRange     '0.4.1',
114 silly addNameRange     '0.5.0',
114 silly addNameRange     '0.6.0',
114 silly addNameRange     '0.7.0',
114 silly addNameRange     '0.8.0',
114 silly addNameRange     '0.8.1',
114 silly addNameRange     '0.8.2',
114 silly addNameRange     '0.8.3',
114 silly addNameRange     '0.9.0',
114 silly addNameRange     '1.0.0' ] ]
115 verbose addNamed [ 'generator-karma', '1.0.0' ]
116 verbose addNamed [ '1.0.0', '1.0.0' ]
117 silly lockFile 65f3e2f4-generator-karma-1-0-0 generator-karma@1.0.0
118 verbose lock generator-karma@1.0.0 /Users/alex/.npm/65f3e2f4-generator-karma-1-0-0.lock
119 silly lockFile ef4e4e38-gistry-npmjs-org-yo-yo-1-4-7-tgz https://registry.npmjs.org/yo/-/yo-1.4.7.tgz
120 verbose lock https://registry.npmjs.org/yo/-/yo-1.4.7.tgz /Users/alex/.npm/ef4e4e38-gistry-npmjs-org-yo-yo-1-4-7-tgz.lock
121 silly lockFile 36af2388--karma-generator-karma-1-0-0-tgz https://registry.npmjs.org/generator-karma/-/generator-karma-1.0.0.tgz
122 verbose lock https://registry.npmjs.org/generator-karma/-/generator-karma-1.0.0.tgz /Users/alex/.npm/36af2388--karma-generator-karma-1-0-0-tgz.lock
123 verbose addRemoteTarball [ 'https://registry.npmjs.org/yo/-/yo-1.4.7.tgz',
123 verbose addRemoteTarball   '7eecb354f6f4df2dafbc2da53d30f7f7fafcb450' ]
124 verbose addRemoteTarball [ 'https://registry.npmjs.org/generator-karma/-/generator-karma-1.0.0.tgz',
124 verbose addRemoteTarball   '43f909c1677c66598d0acb126694a12d3175f8ad' ]
125 info retry fetch attempt 1 at 17:37:04
126 info attempt registry request try #1 at 17:37:04
127 http fetch GET https://registry.npmjs.org/yo/-/yo-1.4.7.tgz
128 info retry fetch attempt 1 at 17:37:04
129 info attempt registry request try #1 at 17:37:04
130 http fetch GET https://registry.npmjs.org/generator-karma/-/generator-karma-1.0.0.tgz
131 http fetch 200 https://registry.npmjs.org/generator-karma/-/generator-karma-1.0.0.tgz
132 http fetch 200 https://registry.npmjs.org/yo/-/yo-1.4.7.tgz
133 silly fetchAndShaCheck shasum 43f909c1677c66598d0acb126694a12d3175f8ad
134 silly fetchAndShaCheck shasum 7eecb354f6f4df2dafbc2da53d30f7f7fafcb450
135 silly lockFile ef4e4e38-gistry-npmjs-org-yo-yo-1-4-7-tgz https://registry.npmjs.org/yo/-/yo-1.4.7.tgz
136 silly lockFile ef4e4e38-gistry-npmjs-org-yo-yo-1-4-7-tgz https://registry.npmjs.org/yo/-/yo-1.4.7.tgz
137 silly lockFile 22bae6b4-yo-1-4-7 yo@1.4.7
138 silly lockFile 22bae6b4-yo-1-4-7 yo@1.4.7
139 silly lockFile 36af2388--karma-generator-karma-1-0-0-tgz https://registry.npmjs.org/generator-karma/-/generator-karma-1.0.0.tgz
140 silly lockFile 36af2388--karma-generator-karma-1-0-0-tgz https://registry.npmjs.org/generator-karma/-/generator-karma-1.0.0.tgz
141 silly lockFile ec8b77ae-yo yo@*
142 silly lockFile ec8b77ae-yo yo@*
143 silly lockFile 65f3e2f4-generator-karma-1-0-0 generator-karma@1.0.0
144 silly lockFile 65f3e2f4-generator-karma-1-0-0 generator-karma@1.0.0
145 silly lockFile cc83c75c-generator-karma generator-karma@*
146 silly lockFile cc83c75c-generator-karma generator-karma@*
147 http 200 https://registry.npmjs.org/grunt-cli
148 silly registry.get cb [ 200,
148 silly registry.get   { server: 'CouchDB/1.5.0 (Erlang OTP/R16B03)',
148 silly registry.get     etag: '"CQBZ3QGK3ZIC112UUEH0NU2AD"',
148 silly registry.get     'content-type': 'application/json',
148 silly registry.get     'cache-control': 'max-age=60',
148 silly registry.get     'content-length': '21331',
148 silly registry.get     'accept-ranges': 'bytes',
148 silly registry.get     date: 'Thu, 06 Aug 2015 21:37:05 GMT',
148 silly registry.get     via: '1.1 varnish',
148 silly registry.get     age: '33',
148 silly registry.get     connection: 'keep-alive',
148 silly registry.get     'x-served-by': 'cache-iad2130-IAD',
148 silly registry.get     'x-cache': 'HIT',
148 silly registry.get     'x-cache-hits': '2',
148 silly registry.get     'x-timer': 'S1438897025.115248,VS0,VE0',
148 silly registry.get     vary: 'Accept' } ]
149 silly addNameRange number 2 { name: 'grunt-cli', range: '*', hasData: true }
150 silly addNameRange versions [ 'grunt-cli',
150 silly addNameRange   [ '0.1.0',
150 silly addNameRange     '0.1.1',
150 silly addNameRange     '0.1.2',
150 silly addNameRange     '0.1.3',
150 silly addNameRange     '0.1.4',
150 silly addNameRange     '0.1.5',
150 silly addNameRange     '0.1.6',
150 silly addNameRange     '0.1.7',
150 silly addNameRange     '0.1.8',
150 silly addNameRange     '0.1.9',
150 silly addNameRange     '0.1.10',
150 silly addNameRange     '0.1.11',
150 silly addNameRange     '0.1.12',
150 silly addNameRange     '0.1.13' ] ]
151 verbose addNamed [ 'grunt-cli', '0.1.13' ]
152 verbose addNamed [ '0.1.13', '0.1.13' ]
153 silly lockFile 28997503-grunt-cli-0-1-13 grunt-cli@0.1.13
154 verbose lock grunt-cli@0.1.13 /Users/alex/.npm/28997503-grunt-cli-0-1-13.lock
155 silly lockFile 28997503-grunt-cli-0-1-13 grunt-cli@0.1.13
156 silly lockFile 28997503-grunt-cli-0-1-13 grunt-cli@0.1.13
157 silly lockFile 2c34ebba-grunt-cli grunt-cli@*
158 silly lockFile 2c34ebba-grunt-cli grunt-cli@*
159 http 200 https://registry.npmjs.org/generator-angular
160 silly registry.get cb [ 200,
160 silly registry.get   { server: 'CouchDB/1.5.0 (Erlang OTP/R16B03)',
160 silly registry.get     etag: '"4QMU72STHAYSK3MIV2KE6DCD"',
160 silly registry.get     'content-type': 'application/json',
160 silly registry.get     'cache-control': 'max-age=60',
160 silly registry.get     'content-length': '69704',
160 silly registry.get     'accept-ranges': 'bytes',
160 silly registry.get     date: 'Thu, 06 Aug 2015 21:37:05 GMT',
160 silly registry.get     via: '1.1 varnish',
160 silly registry.get     age: '0',
160 silly registry.get     connection: 'keep-alive',
160 silly registry.get     'x-served-by': 'cache-iad2138-IAD',
160 silly registry.get     'x-cache': 'HIT',
160 silly registry.get     'x-cache-hits': '1',
160 silly registry.get     'x-timer': 'S1438897024.851027,VS0,VE297',
160 silly registry.get     vary: 'Accept' } ]
161 silly addNameRange number 2 { name: 'generator-angular', range: '*', hasData: true }
162 silly addNameRange versions [ 'generator-angular',
162 silly addNameRange   [ '0.1.0',
162 silly addNameRange     '0.1.1',
162 silly addNameRange     '0.1.2',
162 silly addNameRange     '0.1.3',
162 silly addNameRange     '0.1.4',
162 silly addNameRange     '0.1.5',
162 silly addNameRange     '0.2.0',
162 silly addNameRange     '0.2.1',
162 silly addNameRange     '0.2.2',
162 silly addNameRange     '0.3.0',
162 silly addNameRange     '0.3.1',
162 silly addNameRange     '0.4.0',
162 silly addNameRange     '0.5.0',
162 silly addNameRange     '0.5.1',
162 silly addNameRange     '0.6.0-rc.1',
162 silly addNameRange     '0.6.0-rc.2',
162 silly addNameRange     '0.6.0',
162 silly addNameRange     '0.7.0',
162 silly addNameRange     '0.7.1',
162 silly addNameRange     '0.8.0',
162 silly addNameRange     '0.9.0-0',
162 silly addNameRange     '0.9.0-1',
162 silly addNameRange     '0.9.0',
162 silly addNameRange     '0.9.1',
162 silly addNameRange     '0.9.2',
162 silly addNameRange     '0.9.3',
162 silly addNameRange     '0.9.5',
162 silly addNameRange     '0.9.6',
162 silly addNameRange     '0.9.7',
162 silly addNameRange     '0.9.8',
162 silly addNameRange     '0.10.0',
162 silly addNameRange     '0.11.0',
162 silly addNameRange     '0.11.1',
162 silly addNameRange     '0.12.0',
162 silly addNameRange     '0.11.2',
162 silly addNameRange     '0.12.1' ] ]
163 verbose addNamed [ 'generator-angular', '0.12.1' ]
164 verbose addNamed [ '0.12.1', '0.12.1' ]
165 silly lockFile 5b703b95-generator-angular-0-12-1 generator-angular@0.12.1
166 verbose lock generator-angular@0.12.1 /Users/alex/.npm/5b703b95-generator-angular-0-12-1.lock
167 silly lockFile 0e1ddf2e-lar-generator-angular-0-12-1-tgz https://registry.npmjs.org/generator-angular/-/generator-angular-0.12.1.tgz
168 verbose lock https://registry.npmjs.org/generator-angular/-/generator-angular-0.12.1.tgz /Users/alex/.npm/0e1ddf2e-lar-generator-angular-0-12-1-tgz.lock
169 verbose addRemoteTarball [ 'https://registry.npmjs.org/generator-angular/-/generator-angular-0.12.1.tgz',
169 verbose addRemoteTarball   '3a8775464cfbac132c563b5229306dfbb7b777aa' ]
170 info retry fetch attempt 1 at 17:37:05
171 info attempt registry request try #1 at 17:37:05
172 http fetch GET https://registry.npmjs.org/generator-angular/-/generator-angular-0.12.1.tgz
173 http fetch 200 https://registry.npmjs.org/generator-angular/-/generator-angular-0.12.1.tgz
174 silly fetchAndShaCheck shasum 3a8775464cfbac132c563b5229306dfbb7b777aa
175 silly lockFile 0e1ddf2e-lar-generator-angular-0-12-1-tgz https://registry.npmjs.org/generator-angular/-/generator-angular-0.12.1.tgz
176 silly lockFile 0e1ddf2e-lar-generator-angular-0-12-1-tgz https://registry.npmjs.org/generator-angular/-/generator-angular-0.12.1.tgz
177 silly lockFile 5b703b95-generator-angular-0-12-1 generator-angular@0.12.1
178 silly lockFile 5b703b95-generator-angular-0-12-1 generator-angular@0.12.1
179 silly lockFile dfab20f3-generator-angular generator-angular@*
180 silly lockFile dfab20f3-generator-angular generator-angular@*
181 http 200 https://registry.npmjs.org/bower
182 silly registry.get cb [ 200,
182 silly registry.get   { server: 'CouchDB/1.5.0 (Erlang OTP/R16B03)',
182 silly registry.get     etag: '"A522I7FEWYB761A57FRTI9PNO"',
182 silly registry.get     'content-type': 'application/json',
182 silly registry.get     'cache-control': 'max-age=60',
182 silly registry.get     'content-length': '112975',
182 silly registry.get     'accept-ranges': 'bytes',
182 silly registry.get     date: 'Thu, 06 Aug 2015 21:37:05 GMT',
182 silly registry.get     via: '1.1 varnish',
182 silly registry.get     age: '38',
182 silly registry.get     connection: 'keep-alive',
182 silly registry.get     'x-served-by': 'cache-iad2126-IAD',
182 silly registry.get     'x-cache': 'HIT',
182 silly registry.get     'x-cache-hits': '1',
182 silly registry.get     'x-timer': 'S1438897025.891093,VS0,VE13',
182 silly registry.get     vary: 'Accept' } ]
183 silly addNameRange number 2 { name: 'bower', range: '*', hasData: true }
184 silly addNameRange versions [ 'bower',
184 silly addNameRange   [ '0.1.0',
184 silly addNameRange     '0.1.2',
184 silly addNameRange     '0.1.3',
184 silly addNameRange     '0.2.0',
184 silly addNameRange     '0.3.0',
184 silly addNameRange     '0.3.1',
184 silly addNameRange     '0.3.2',
184 silly addNameRange     '0.4.0',
184 silly addNameRange     '0.5.0',
184 silly addNameRange     '0.5.1',
184 silly addNameRange     '0.6.0',
184 silly addNameRange     '0.6.1',
184 silly addNameRange     '0.6.2',
184 silly addNameRange     '0.6.3',
184 silly addNameRange     '0.6.4',
184 silly addNameRange     '0.6.5',
184 silly addNameRange     '0.6.6',
184 silly addNameRange     '0.6.7',
184 silly addNameRange     '0.6.8',
184 silly addNameRange     '0.7.0',
184 silly addNameRange     '0.7.1',
184 silly addNameRange     '0.8.0',
184 silly addNameRange     '0.8.1',
184 silly addNameRange     '0.8.2',
184 silly addNameRange     '0.8.3',
184 silly addNameRange     '0.8.4',
184 silly addNameRange     '0.8.5',
184 silly addNameRange     '0.8.6',
184 silly addNameRange     '0.9.0',
184 silly addNameRange     '0.9.1',
184 silly addNameRange     '0.9.2',
184 silly addNameRange     '0.10.0',
184 silly addNameRange     '1.0.0',
184 silly addNameRange     '1.0.1',
184 silly addNameRange     '1.0.2',
184 silly addNameRange     '1.0.3',
184 silly addNameRange     '1.1.0',
184 silly addNameRange     '1.1.1',
184 silly addNameRange     '1.1.2',
184 silly addNameRange     '1.2.0',
184 silly addNameRange     '1.2.1',
184 silly addNameRange     '1.2.2',
184 silly addNameRange     '1.2.3',
184 silly addNameRange     '1.2.4',
184 silly addNameRange     '1.2.5',
184 silly addNameRange     '1.2.6',
184 silly addNameRange     '1.2.7',
184 silly addNameRange     '1.2.8',
184 silly addNameRange     '1.3.0',
184 silly addNameRange     '1.3.1',
184 silly addNameRange     '1.3.2',
184 silly addNameRange     '1.3.3',
184 silly addNameRange     '1.3.4',
184 silly addNameRange     '1.3.5',
184 silly addNameRange     '1.3.6',
184 silly addNameRange     '1.3.7',
184 silly addNameRange     '1.3.8',
184 silly addNameRange     '1.3.9',
184 silly addNameRange     '1.3.10',
184 silly addNameRange     '1.3.11',
184 silly addNameRange     '1.3.12',
184 silly addNameRange     '1.4.0',
184 silly addNameRange     '1.4.1' ] ]
185 verbose addNamed [ 'bower', '1.4.1' ]
186 verbose addNamed [ '1.4.1', '1.4.1' ]
187 silly lockFile 185f46c0-bower-1-4-1 bower@1.4.1
188 verbose lock bower@1.4.1 /Users/alex/.npm/185f46c0-bower-1-4-1.lock
189 silly lockFile 185f46c0-bower-1-4-1 bower@1.4.1
190 silly lockFile 185f46c0-bower-1-4-1 bower@1.4.1
191 silly lockFile b788227f-bower bower@*
192 silly lockFile b788227f-bower bower@*
193 silly resolved [ { name: 'yo',
193 silly resolved     version: '1.4.7',
193 silly resolved     description: 'CLI tool for running Yeoman generators',
193 silly resolved     license: 'BSD-2-Clause',
193 silly resolved     bin: { yo: 'lib/cli.js' },
193 silly resolved     author: { name: 'Yeoman' },
193 silly resolved     repository: { type: 'git', url: 'https://github.com/yeoman/yo' },
193 silly resolved     engines: { node: '>=0.10.0', npm: '>=2.8.0' },
193 silly resolved     scripts:
193 silly resolved      { test: 'jshint . && mocha test/**/*.js',
193 silly resolved        postinstall: 'yodoctor',
193 silly resolved        postupdate: 'yodoctor',
193 silly resolved        prepublish: 'nsp audit-package' },
193 silly resolved     files: [ 'lib' ],
193 silly resolved     keywords:
193 silly resolved      [ 'cli-app',
193 silly resolved        'cli',
193 silly resolved        'bin',
193 silly resolved        'front-end',
193 silly resolved        'development',
193 silly resolved        'dev',
193 silly resolved        'build',
193 silly resolved        'web',
193 silly resolved        'tool',
193 silly resolved        'scaffold',
193 silly resolved        'stack',
193 silly resolved        'yeoman',
193 silly resolved        'generator',
193 silly resolved        'generate',
193 silly resolved        'app',
193 silly resolved        'boilerplate' ],
193 silly resolved     dependencies:
193 silly resolved      { 'array-uniq': '^1.0.2',
193 silly resolved        async: '^1.0.0',
193 silly resolved        chalk: '^1.0.0',
193 silly resolved        configstore: '^1.0.0',
193 silly resolved        'cross-spawn': '^0.4.0',
193 silly resolved        figures: '^1.3.5',
193 silly resolved        findup: '^0.1.5',
193 silly resolved        fullname: '^1.0.0',
193 silly resolved        got: '^3.2.0',
193 silly resolved        'humanize-string': '^1.0.0',
193 silly resolved        inquirer: '^0.8.0',
193 silly resolved        insight: '^0.6.0',
193 silly resolved        lodash: '^3.2.0',
193 silly resolved        meow: '^3.0.0',
193 silly resolved        'npm-keyword': '^1.1.1',
193 silly resolved        opn: '^1.0.0',
193 silly resolved        'package-json': '^1.1.0',
193 silly resolved        repeating: '^1.1.2',
193 silly resolved        'root-check': '^1.0.0',
193 silly resolved        'sort-on': '^1.0.0',
193 silly resolved        'string-length': '^1.0.0',
193 silly resolved        titleize: '^1.0.0',
193 silly resolved        'update-notifier': '^0.5.0',
193 silly resolved        'user-home': '^1.1.0',
193 silly resolved        'yeoman-character': '^1.0.0',
193 silly resolved        'yeoman-doctor': '^1.0.0',
193 silly resolved        'yeoman-environment': '^1.0.1',
193 silly resolved        yosay: '^1.0.0' },
193 silly resolved     devDependencies:
193 silly resolved      { jshint: '^2.5.11',
193 silly resolved        mocha: '^2.1.0',
193 silly resolved        mockery: '^1.4.0',
193 silly resolved        nock: '^2.0.1',
193 silly resolved        nsp: '*',
193 silly resolved        proxyquire: '^1.0.1',
193 silly resolved        'registry-url': '^3.0.0',
193 silly resolved        sinon: '^1.12.1' },
193 silly resolved     preferGlobal: true,
193 silly resolved     gitHead: '675d647162f1ecd7f290995078cf8ab42756bf9d',
193 silly resolved     bugs: { url: 'https://github.com/yeoman/yo/issues' },
193 silly resolved     homepage: 'https://github.com/yeoman/yo',
193 silly resolved     _id: 'yo@1.4.7',
193 silly resolved     _shasum: '7eecb354f6f4df2dafbc2da53d30f7f7fafcb450',
193 silly resolved     _from: 'yo@*',
193 silly resolved     _npmVersion: '2.10.1',
193 silly resolved     _nodeVersion: '0.12.4',
193 silly resolved     _npmUser: { name: 'sindresorhus', email: 'sindresorhus@gmail.com' },
193 silly resolved     dist:
193 silly resolved      { shasum: '7eecb354f6f4df2dafbc2da53d30f7f7fafcb450',
193 silly resolved        tarball: 'http://registry.npmjs.org/yo/-/yo-1.4.7.tgz' },
193 silly resolved     maintainers: [ [Object], [Object], [Object], [Object], [Object], [Object] ],
193 silly resolved     directories: {},
193 silly resolved     _resolved: 'https://registry.npmjs.org/yo/-/yo-1.4.7.tgz' },
193 silly resolved   { name: 'generator-karma',
193 silly resolved     version: '1.0.0',
193 silly resolved     description: 'Yeoman generator for Karma',
193 silly resolved     license: 'BSD',
193 silly resolved     main: 'app/index.js',
193 silly resolved     repository:
193 silly resolved      { type: 'git',
193 silly resolved        url: 'https://github.com/yeoman/generator-karma' },
193 silly resolved     author: { name: 'The Yeoman Team' },
193 silly resolved     engines: { node: '>=0.10.0', npm: '>=1.2.10' },
193 silly resolved     scripts: { test: 'mocha --reporter spec' },
193 silly resolved     files: [ 'app', 'templates' ],
193 silly resolved     keywords: [ 'yeoman-generator', 'scaffold', 'test', 'runner', 'karma' ],
193 silly resolved     dependencies:
193 silly resolved      { underscore: '^1.6.0',
193 silly resolved        'yeoman-generator': '^0.19.1',
193 silly resolved        'sorted-object': '~1.0.0' },
193 silly resolved     devDependencies: { mocha: '*' },
193 silly resolved     peerDependencies: { yo: '>=1.0.0' },
193 silly resolved     gitHead: 'cdc0a4a7c0ee3128e0ae5482faabf7cf2c22e4f0',
193 silly resolved     bugs: { url: 'https://github.com/yeoman/generator-karma/issues' },
193 silly resolved     homepage: 'https://github.com/yeoman/generator-karma',
193 silly resolved     _id: 'generator-karma@1.0.0',
193 silly resolved     _shasum: '43f909c1677c66598d0acb126694a12d3175f8ad',
193 silly resolved     _from: 'generator-karma@*',
193 silly resolved     _npmVersion: '2.5.1',
193 silly resolved     _nodeVersion: '0.10.32',
193 silly resolved     _npmUser: { name: 'sboudrias', email: 'admin@simonboudrias.com' },
193 silly resolved     maintainers:
193 silly resolved      [ [Object],
193 silly resolved        [Object],
193 silly resolved        [Object],
193 silly resolved        [Object],
193 silly resolved        [Object],
193 silly resolved        [Object],
193 silly resolved        [Object] ],
193 silly resolved     dist:
193 silly resolved      { shasum: '43f909c1677c66598d0acb126694a12d3175f8ad',
193 silly resolved        tarball: 'http://registry.npmjs.org/generator-karma/-/generator-karma-1.0.0.tgz' },
193 silly resolved     directories: {},
193 silly resolved     _resolved: 'https://registry.npmjs.org/generator-karma/-/generator-karma-1.0.0.tgz' },
193 silly resolved   { name: 'grunt-cli',
193 silly resolved     description: 'The grunt command line interface.',
193 silly resolved     version: '0.1.13',
193 silly resolved     author: { name: 'Grunt Team' },
193 silly resolved     homepage: 'http://gruntjs.com/',
193 silly resolved     repository: { type: 'git', url: 'git://github.com/gruntjs/grunt-cli.git' },
193 silly resolved     bugs: { url: 'http://github.com/gruntjs/grunt-cli/issues' },
193 silly resolved     licenses: [ [Object] ],
193 silly resolved     bin: { grunt: 'bin/grunt' },
193 silly resolved     engines: { node: '>= 0.8.0' },
193 silly resolved     scripts: { test: 'node bin/grunt test' },
193 silly resolved     preferGlobal: true,
193 silly resolved     dependencies: { nopt: '~1.0.10', 'findup-sync': '~0.1.0', resolve: '~0.3.1' },
193 silly resolved     devDependencies: { grunt: '~0.4.0', 'grunt-contrib-jshint': '~0.2.0' },
193 silly resolved     contributors: [ [Object], [Object], [Object], [Object] ],
193 silly resolved     _id: 'grunt-cli@0.1.13',
193 silly resolved     dist:
193 silly resolved      { shasum: 'e9ebc4047631f5012d922770c39378133cad10f4',
193 silly resolved        tarball: 'http://registry.npmjs.org/grunt-cli/-/grunt-cli-0.1.13.tgz' },
193 silly resolved     _from: 'grunt-cli@*',
193 silly resolved     _npmVersion: '1.3.24',
193 silly resolved     _npmUser: { name: 'tkellen', email: 'tyler@sleekcode.net' },
193 silly resolved     maintainers: [ [Object] ],
193 silly resolved     directories: {},
193 silly resolved     _shasum: 'e9ebc4047631f5012d922770c39378133cad10f4',
193 silly resolved     _resolved: 'https://registry.npmjs.org/grunt-cli/-/grunt-cli-0.1.13.tgz',
193 silly resolved     readme: 'ERROR: No README data found!' },
193 silly resolved   { name: 'generator-angular',
193 silly resolved     version: '0.12.1',
193 silly resolved     description: 'Yeoman generator for AngularJS',
193 silly resolved     keywords:
193 silly resolved      [ 'yeoman-generator',
193 silly resolved        'scaffold',
193 silly resolved        'framework',
193 silly resolved        'component',
193 silly resolved        'front-end',
193 silly resolved        'app',
193 silly resolved        'angular' ],
193 silly resolved     author: { name: 'The Yeoman Team' },
193 silly resolved     main: 'app/index.js',
193 silly resolved     files:
193 silly resolved      [ 'app',
193 silly resolved        'common',
193 silly resolved        'constant',
193 silly resolved        'controller',
193 silly resolved        'decorator',
193 silly resolved        'directive',
193 silly resolved        'factory',
193 silly resolved        'filter',
193 silly resolved        'main',
193 silly resolved        'provider',
193 silly resolved        'route',
193 silly resolved        'service',
193 silly resolved        'templates',
193 silly resolved        'value',
193 silly resolved        'view',
193 silly resolved        'script-base.js',
193 silly resolved        'util.js' ],
193 silly resolved     repository:
193 silly resolved      { type: 'git',
193 silly resolved        url: 'git+https://github.com/yeoman/generator-angular.git' },
193 silly resolved     scripts: { test: 'mocha' },
193 silly resolved     dependencies:
193 silly resolved      { chalk: '^1.0.0',
193 silly resolved        wiredep: '^2.2.0',
193 silly resolved        'yeoman-generator': '^0.16.0',
193 silly resolved        yosay: '^1.0.2' },
193 silly resolved     peerDependencies: { 'generator-karma': '>=0.9.0' },
193 silly resolved     devDependencies:
193 silly resolved      { grunt: '^0.4.5',
193 silly resolved        'grunt-contrib-jshint': '^0.11.0',
193 silly resolved        'grunt-conventional-changelog': '^1.1.0',
193 silly resolved        'grunt-release': '^0.11.0',
193 silly resolved        'load-grunt-tasks': '^3.1.0',
193 silly resolved        mocha: '*',
193 silly resolved        semver: '^4.3.0',
193 silly resolved        'underscore.string': '^3.0.3' },
193 silly resolved     engines: { node: '>=0.10.0' },
193 silly resolved     licenses: [ [Object] ],
193 silly resolved     gitHead: 'd1ffc21e8bd2978a8a198205293b97e4a1faec25',
193 silly resolved     bugs: { url: 'https://github.com/yeoman/generator-angular/issues' },
193 silly resolved     homepage: 'https://github.com/yeoman/generator-angular#readme',
193 silly resolved     _id: 'generator-angular@0.12.1',
193 silly resolved     _shasum: '3a8775464cfbac132c563b5229306dfbb7b777aa',
193 silly resolved     _from: 'generator-angular@*',
193 silly resolved     _npmVersion: '2.11.2',
193 silly resolved     _nodeVersion: '0.12.5',
193 silly resolved     _npmUser: { name: 'eddiemonge', email: 'eddie+npm@eddiemonge.com' },
193 silly resolved     maintainers:
193 silly resolved      [ [Object],
193 silly resolved        [Object],
193 silly resolved        [Object],
193 silly resolved        [Object],
193 silly resolved        [Object],
193 silly resolved        [Object],
193 silly resolved        [Object] ],
193 silly resolved     dist:
193 silly resolved      { shasum: '3a8775464cfbac132c563b5229306dfbb7b777aa',
193 silly resolved        tarball: 'http://registry.npmjs.org/generator-angular/-/generator-angular-0.12.1.tgz' },
193 silly resolved     directories: {},
193 silly resolved     _resolved: 'https://registry.npmjs.org/generator-angular/-/generator-angular-0.12.1.tgz' },
193 silly resolved   { name: 'bower',
193 silly resolved     version: '1.4.1',
193 silly resolved     description: 'The browser package manager',
193 silly resolved     author: { name: 'Twitter' },
193 silly resolved     licenses: [ [Object] ],
193 silly resolved     repository: { type: 'git', url: 'https://github.com/bower/bower' },
193 silly resolved     main: 'lib',
193 silly resolved     homepage: 'http://bower.io',
193 silly resolved     engines: { node: '>=0.10.0' },
193 silly resolved     dependencies:
193 silly resolved      { abbrev: '^1.0.5',
193 silly resolved        archy: '1.0.0',
193 silly resolved        'bower-config': '^0.6.1',
193 silly resolved        'bower-endpoint-parser': '^0.2.2',
193 silly resolved        'bower-json': '^0.4.0',
193 silly resolved        'bower-logger': '^0.2.2',
193 silly resolved        'bower-registry-client': '^0.3.0',
193 silly resolved        cardinal: '0.4.4',
193 silly resolved        chalk: '^1.0.0',
193 silly resolved        chmodr: '0.1.0',
193 silly resolved        configstore: '^0.3.2',
193 silly resolved        'decompress-zip': '^0.1.0',
193 silly resolved        fstream: '^1.0.3',
193 silly resolved        'fstream-ignore': '^1.0.2',
193 silly resolved        github: '^0.2.3',
193 silly resolved        glob: '^4.3.2',
193 silly resolved        'graceful-fs': '^3.0.5',
193 silly resolved        handlebars: '^2.0.0',
193 silly resolved        inquirer: '0.8.0',
193 silly resolved        insight: '^0.5.0',
193 silly resolved        'is-root': '^1.0.0',
193 silly resolved        junk: '^1.0.0',
193 silly resolved        lockfile: '^1.0.0',
193 silly resolved        'lru-cache': '^2.5.0',
193 silly resolved        mkdirp: '0.5.0',
193 silly resolved        mout: '^0.11.0',
193 silly resolved        nopt: '^3.0.1',
193 silly resolved        opn: '^1.0.1',
193 silly resolved        'p-throttler': '0.1.1',
193 silly resolved        promptly: '0.2.0',
193 silly resolved        q: '^1.1.2',
193 silly resolved        request: '2.53.0',
193 silly resolved        'request-progress': '0.3.1',
193 silly resolved        retry: '0.6.1',
193 silly resolved        rimraf: '^2.2.8',
193 silly resolved        semver: '^2.3.0',
193 silly resolved        'shell-quote': '^1.4.2',
193 silly resolved        'stringify-object': '^1.0.0',
193 silly resolved        'tar-fs': '^1.4.1',
193 silly resolved        tmp: '0.0.24',
193 silly resolved        'update-notifier': '^0.3.0',
193 silly resolved        'user-home': '^1.1.0',
193 silly resolved        which: '^1.0.8' },
193 silly resolved     devDependencies:
193 silly resolved      { chai: '^1.10.0',
193 silly resolved        coveralls: '^2.11.2',
193 silly resolved        'expect.js': '^0.3.1',
193 silly resolved        grunt: '^0.4.5',
193 silly resolved        'grunt-cli': '^0.1.13',
193 silly resolved        'grunt-contrib-jshint': '^0.10.0',
193 silly resolved        'grunt-contrib-watch': '^0.6.1',
193 silly resolved        'grunt-exec': '^0.4.6',
193 silly resolved        'grunt-simple-mocha': '^0.4.0',
193 silly resolved        istanbul: '^0.3.5',
193 silly resolved        'load-grunt-tasks': '^2.0.0',
193 silly resolved        mocha: '^2.1.0',
193 silly resolved        multiline: '^1.0.2',
193 silly resolved        nock: '^0.56.0',
193 silly resolved        'node-uuid': '^1.4.2',
193 silly resolved        proxyquire: '^1.3.0',
193 silly resolved        'spawn-sync': '^1.0.5' },
193 silly resolved     scripts: { test: 'grunt test' },
193 silly resolved     bin: { bower: 'bin/bower' },
193 silly resolved     preferGlobal: true,
193 silly resolved     gitHead: 'a1287416d40f944d58cb8f2e774e2076bfffd32f',
193 silly resolved     bugs: { url: 'https://github.com/bower/bower/issues' },
193 silly resolved     _id: 'bower@1.4.1',
193 silly resolved     _shasum: 'a18be39d030792754f30f1c5b32d37b0156ba8dd',
193 silly resolved     _from: 'bower@*',
193 silly resolved     _npmVersion: '2.7.4',
193 silly resolved     _nodeVersion: '0.12.0',
193 silly resolved     _npmUser: { name: 'sheerun', email: 'sheerun@sher.pl' },
193 silly resolved     maintainers: [ [Object], [Object], [Object], [Object], [Object], [Object] ],
193 silly resolved     dist:
193 silly resolved      { shasum: 'a18be39d030792754f30f1c5b32d37b0156ba8dd',
193 silly resolved        tarball: 'http://registry.npmjs.org/bower/-/bower-1.4.1.tgz' },
193 silly resolved     directories: {},
193 silly resolved     _resolved: 'https://registry.npmjs.org/bower/-/bower-1.4.1.tgz',
193 silly resolved     readme: 'ERROR: No README data found!' } ]
194 info install yo@1.4.7 into /usr/local/lib
195 info install generator-karma@1.0.0 into /usr/local/lib
196 info install grunt-cli@0.1.13 into /usr/local/lib
197 info install generator-angular@0.12.1 into /usr/local/lib
198 info install bower@1.4.1 into /usr/local/lib
199 info installOne yo@1.4.7
200 warn engine yo@1.4.7: wanted: {"node":">=0.10.0","npm":">=2.8.0"} (current: {"node":"0.10.32","npm":"2.0.2"})
201 info installOne generator-karma@1.0.0
202 info installOne grunt-cli@0.1.13
203 info installOne generator-angular@0.12.1
204 info installOne bower@1.4.1
205 verbose lib/node_modules/grunt-cli unbuild
206 verbose lib/node_modules/bower unbuild
207 verbose lib/node_modules/generator-karma unbuild
208 verbose lib/node_modules/yo unbuild
209 verbose lib/node_modules/generator-angular unbuild
210 verbose gentlyRm vacuuming /usr/local/lib/node_modules/generator-karma
211 verbose gentlyRm vacuuming /usr/local/lib/node_modules/generator-angular
212 verbose tar unpack /Users/alex/.npm/generator-karma/1.0.0/package.tgz
213 silly lockFile 319c8467-lib-node-modules-generator-karma tar:///usr/local/lib/node_modules/generator-karma
214 verbose lock tar:///usr/local/lib/node_modules/generator-karma /Users/alex/.npm/319c8467-lib-node-modules-generator-karma.lock
215 silly lockFile c703e543-enerator-karma-1-0-0-package-tgz tar:///Users/alex/.npm/generator-karma/1.0.0/package.tgz
216 verbose lock tar:///Users/alex/.npm/generator-karma/1.0.0/package.tgz /Users/alex/.npm/c703e543-enerator-karma-1-0-0-package-tgz.lock
217 verbose tar unpack /Users/alex/.npm/generator-angular/0.12.1/package.tgz
218 silly lockFile 919d8aa6-b-node-modules-generator-angular tar:///usr/local/lib/node_modules/generator-angular
219 verbose lock tar:///usr/local/lib/node_modules/generator-angular /Users/alex/.npm/919d8aa6-b-node-modules-generator-angular.lock
220 silly lockFile 5ecc9f24-rator-angular-0-12-1-package-tgz tar:///Users/alex/.npm/generator-angular/0.12.1/package.tgz
221 verbose lock tar:///Users/alex/.npm/generator-angular/0.12.1/package.tgz /Users/alex/.npm/5ecc9f24-rator-angular-0-12-1-package-tgz.lock
222 info preuninstall grunt-cli@0.1.13
223 info preuninstall bower@1.4.1
224 verbose gentlyRm vacuuming /usr/local/lib/node_modules/generator-karma
225 verbose gentlyRm vacuuming /usr/local/lib/node_modules/generator-angular
226 silly gunzTarPerm modes [ '755', '644' ]
227 silly gunzTarPerm modes [ '755', '644' ]
228 info uninstall grunt-cli@0.1.13
229 info uninstall bower@1.4.1
230 info preuninstall yo@1.4.6
231 verbose true,/usr/local/lib/node_modules,/usr/local/lib/node_modules unbuild grunt-cli@0.1.13
232 verbose /usr/local/bin,[object Object] binRoot
233 verbose gentlyRm verifying that /usr/local/lib/node_modules/grunt-cli is managed by npm
234 verbose true,/usr/local/lib/node_modules,/usr/local/lib/node_modules unbuild bower@1.4.1
235 verbose /usr/local/bin,[object Object] binRoot
236 verbose gentlyRm verifying that /usr/local/lib/node_modules/bower is managed by npm
237 silly cacheAndTest /usr/local/lib/node_modules/grunt-cli is inside /usr/local/lib/node_modules
238 silly gentlyRm /usr/local/lib/node_modules/grunt-cli is managed by npm
239 silly gentlyRm /usr/local/bin/grunt is not under /usr/local/lib/node_modules/grunt-cli
240 silly gentlyRm checking to see if /usr/local/bin/grunt is a link
241 silly cacheAndTest /usr/local/lib/node_modules/bower is inside /usr/local/lib/node_modules
242 silly gentlyRm /usr/local/lib/node_modules/bower is managed by npm
243 silly gentlyRm /usr/local/bin/bower is not under /usr/local/lib/node_modules/bower
244 silly gentlyRm checking to see if /usr/local/bin/bower is a link
245 info uninstall yo@1.4.6
246 silly gentlyRm /usr/local/bin/grunt is a link
247 silly gentlyRm /usr/local/bin/bower is a link
248 silly gentlyRm /usr/local/lib/node_modules/grunt-cli/bin/grunt inside /usr/local/lib/node_modules/grunt-cli
249 verbose gentlyRm vacuuming /usr/local/bin/grunt
250 silly gentlyRm /usr/local/lib/node_modules/bower/bin/bower inside /usr/local/lib/node_modules/bower
251 verbose gentlyRm vacuuming /usr/local/bin/bower
252 verbose true,/usr/local/lib/node_modules,/usr/local/lib/node_modules unbuild yo@1.4.6
253 verbose /usr/local/bin,[object Object] binRoot
254 verbose gentlyRm verifying that /usr/local/lib/node_modules/yo is managed by npm
255 silly isManaged /usr/local/lib/node_modules/yo is inside /usr/local/lib/node_modules
256 silly gentlyRm /usr/local/lib/node_modules/yo is managed by npm
257 silly gentlyRm /usr/local/bin/yo is not under /usr/local/lib/node_modules/yo
258 silly gentlyRm checking to see if /usr/local/bin/yo is a link
259 silly gentlyRm removing /usr/local/bin/grunt
260 silly gentlyRm removing /usr/local/bin/bower
261 silly gentlyRm /usr/local/bin/yo is a link
262 silly gentlyRm /usr/local/lib/node_modules/yo/lib/cli.js inside /usr/local/lib/node_modules/yo
263 verbose gentlyRm vacuuming /usr/local/bin/yo
264 verbose fstream_path /usr/local/lib/node_modules/generator-karma
265 verbose fstream_type Directory
266 verbose fstream_class DirWriter
267 verbose stack Error: EACCES, mkdir '/usr/local/lib/node_modules/generator-karma'
268 verbose fstream_stack /usr/local/lib/node_modules/npm/node_modules/fstream/lib/dir-writer.js:36:23
268 verbose fstream_stack /usr/local/lib/node_modules/npm/node_modules/mkdirp/index.js:46:53
268 verbose fstream_stack Object.oncomplete (fs.js:107:15)
269 verbose cwd /Users/alex/dev/mealtime
270 error Darwin 14.4.0
271 error argv "node" "/usr/local/bin/npm" "install" "-g" "grunt-cli" "bower" "yo" "generator-karma" "generator-angular"
272 error node v0.10.32
273 error npm  v2.0.2
274 error path /usr/local/lib/node_modules/generator-karma
275 error code EACCES
276 error errno 3
277 error Error: EACCES, mkdir '/usr/local/lib/node_modules/generator-karma'
277 error  { [Error: EACCES, mkdir '/usr/local/lib/node_modules/generator-karma']
277 error   errno: 3,
277 error   code: 'EACCES',
277 error   path: '/usr/local/lib/node_modules/generator-karma',
277 error   fstream_type: 'Directory',
277 error   fstream_path: '/usr/local/lib/node_modules/generator-karma',
277 error   fstream_class: 'DirWriter',
277 error   fstream_stack:
277 error    [ '/usr/local/lib/node_modules/npm/node_modules/fstream/lib/dir-writer.js:36:23',
277 error      '/usr/local/lib/node_modules/npm/node_modules/mkdirp/index.js:46:53',
277 error      'Object.oncomplete (fs.js:107:15)' ] }
278 error Please try running this command again as root/Administrator.
279 verbose exit [ 3, true ]
